This file contains any messages produced by compilers while
running configure, to aid debugging if configure makes a mistake.

It was created by esesc configure 2, which was
generated by GNU Autoconf 2.59.  Invocation command line was

  $ ../configure --enable-smp --enable-power

## --------- ##
## Platform. ##
## --------- ##

hostname = ph314-16.ece.cornell.edu
uname -m = x86_64
uname -r = 2.6.18-371.6.1.el5
uname -s = Linux
uname -v = #1 SMP Tue Feb 18 11:42:11 EST 2014

/usr/bin/uname -p = unknown
/bin/uname -X     = unknown

/bin/arch              = x86_64
/usr/bin/arch -k       = unknown
/usr/convex/getsysinfo = unknown
hostinfo               = unknown
/bin/machine           = unknown
/usr/bin/oslevel       = unknown
/bin/universe          = unknown

PATH: /home/student/ms2788/install/stow-pkgs/x86_64-rhel5/bin
PATH: /home/student/ms2788/install/stow-pkgs/noarch/bin
PATH: /research/brg/install/stow-pkgs/x86_64-rhel5/bin
PATH: /research/brg/install/stow-pkgs/noarch/bin
PATH: /opt/alttools/bin
PATH: /usr/kerberos/bin
PATH: /usr/local/bin
PATH: /usr/bin
PATH: /bin
PATH: /usr/X11R6/bin
PATH: /classes/ece547/32/v4/bin
PATH: /classes/ece547/bin
PATH: /opt/ADS2011.05/bin
PATH: /opt/ansys/v120/ansys/bin
PATH: /opt/cadence/ic/bin
PATH: /opt/cadence/ic/tools/dfII/bin
PATH: /opt/cadence/ic/tools/bin
PATH: /opt/cadence/ius/tools.lnx86/bin
PATH: /opt/cadence/assura/bin
PATH: /opt/cadence/ccd/bin
PATH: /opt/cadence/confrml/bin
PATH: /opt/cadence/cva/bin
PATH: /opt/cadence/eanl/bin
PATH: /opt/cadence/et/bin
PATH: /opt/cadence/ets/bin
PATH: /opt/cadence/ext/bin
PATH: /opt/cadence/finale/bin
PATH: /opt/cadence/icoa/bin
PATH: /opt/cadence/ixe/bin
PATH: /opt/cadence/mmsim/bin
PATH: /opt/cadence/pacific/bin
PATH: /opt/cadence/pvs/bin
PATH: /opt/cadence/rc/bin
PATH: /opt/cadence/ret/bin
PATH: /opt/cadence/sev/bin
PATH: /opt/cadence/soc/bin
PATH: /opt/cadence/spmn/bin
PATH: /opt/cadence/tsi/bin
PATH: /opt/cadence/xae/bin
PATH: /opt/cadence/amskit/tools.lnx86/bin
PATH: /opt/cadence/cwspw/tools.lnx86/bin
PATH: /opt/cadence/icc/tools.lnx86/bin
PATH: /opt/cadence/ifv/tools.lnx86/bin
PATH: /opt/cadence/isv/tools.lnx86/bin
PATH: /opt/cadence/ius/tools.lnx86/bin
PATH: /opt/cadence/kcl/tools.lnx86/bin
PATH: /opt/cadence/kmc/tools.lnx86/bin
PATH: /opt/cadence/kqv/tools.lnx86/bin
PATH: /opt/cadence/lcu/tools.lnx86/bin
PATH: /opt/cadence/neocell/tools.lnx86/bin
PATH: /opt/cadence/neockt/tools.lnx86/bin
PATH: /opt/cadence/psd/tools.lnx86/bin
PATH: /opt/cadence/rfkit/tools.lnx86/bin
PATH: /opt/cadence/spb/tools.lnx86/bin
PATH: /opt/cadence/tda/tools.lnx86/bin
PATH: /opt/cadence/tvm/tools.lnx86/bin
PATH: /opt/cadence/usim/tools.lnx86/bin
PATH: /opt/cadence/vce/tools.lnx86/bin
PATH: /opt/cadence/vip/tools.lnx86/bin
PATH: /opt/cadence/vsde/tools.lnx86/bin
PATH: /classes/brg/install/noarch/bin
PATH: /classes/ece314/bin
PATH: /classes/ece475/bin
PATH: /opt/alttools/ece
PATH: /usr/local/env_scripts
PATH: /opt/Magic/bin
PATH: /opt/matlab/bin
PATH: /usr/lib/openmpi/1.3.2-gcc/bin
PATH: /opt/QuartusII/bin
PATH: /opt/silvaco/bin/
PATH: /opt/synplcty/fpga_94/bin
PATH: /opt/synplcty/identify_30/bin
PATH: /opt/synplcty/system_designer_202/bin


## ----------- ##
## Core tests. ##
## ----------- ##

configure:1735: creating ./config.status

## ---------------------- ##
## Running config.status. ##
## ---------------------- ##

This file was extended by esesc config.status 2, which was
generated by GNU Autoconf 2.59.  Invocation command line was

  CONFIG_FILES    = 
  CONFIG_HEADERS  = 
  CONFIG_LINKS    = 
  CONFIG_COMMANDS = 
  $ ./config.status 

on ph314-16.ece.cornell.edu

config.status:655: creating Makefile
config.status:655: creating Make.defs

## ---------------- ##
## Cache variables. ##
## ---------------- ##

ac_cv_env_build_alias_set=
ac_cv_env_build_alias_value=
ac_cv_env_host_alias_set=
ac_cv_env_host_alias_value=
ac_cv_env_target_alias_set=
ac_cv_env_target_alias_value=

## ----------------- ##
## Output variables. ##
## ----------------- ##

$1_OPT='119361_OPT'
BUILD_DIR='/home/student/ms2788/project/sesc/build1'
CONDOR_LINK_OPT='#CONDOR_LINK=1'
DEBUG_OPT='#DEBUG=1'
DEBUG_SILENT_OPT='#DEBUG_SILENT=1'
DEFCONF='smp.conf'
DEFEXEC='sesc.smp'
DEFS='-DPACKAGE_NAME=\"esesc\" -DPACKAGE_TARNAME=\"esesc\" -DPACKAGE_VERSION=\"2\" -DPACKAGE_STRING=\"esesc\ 2\" -DPACKAGE_BUGREPORT=\"renau@soe.ucsc.edu\ luisceze@cs.uiuc.edu\" '
DIRECTORY_OPT='#DIRECTORY=1'
ECHO_C=''
ECHO_N='-n'
ECHO_T=''
LIBOBJS=''
LIBS=''
LTLIBOBJS=''
MIPS_EMUL_OPT='#MIPS_EMUL=1'
NO_MERGELAST_OPT='#NO_MERGELAST=1'
NO_MERGENEXT_OPT='#NO_MERGENEXT=1'
PACKAGE_BUGREPORT='renau@soe.ucsc.edu luisceze@cs.uiuc.edu'
PACKAGE_NAME='esesc'
PACKAGE_STRING='esesc 2'
PACKAGE_TARNAME='esesc'
PACKAGE_VERSION='2'
PATH_SEPARATOR=':'
QEMU_DRIVEN_OPT='#QEMU_DRIVEN=1'
SESC_32BIT_OPT='#SESC_32BIT=1'
SESC_BAAD_OPT='#SESC_BAAD=1'
SESC_ENERGY_OPT='SESC_ENERGY=1'
SESC_GATHERM_OPT=''
SESC_MISPATH_OPT='#SESC_MISPATH=1'
SESC_RSTTRACE_OPT='#SESC_RSTTRACE=1'
SESC_SESCTHERM_OPT='#SESC_SESCTHERM=1'
SESC_SMP_DEBUG_OPT='#SESC_SMP_DEBUG=1'
SESC_SMP_OPT='SESC_SMP=1'
SESC_THERM_OPT='#SESC_THERM=1'
SHELL='/bin/sh'
SRC_DIR='../src'
TASKSCALAR_OPT='#TASKSCALAR=1'
TOPSRC_DIR='..'
TRACE_DRIVEN_OPT='#TRACE_DRIVEN=1'
TS_PROFILING_OPT='#TS_PROFILING=1'
TS_RISKLOADPROF_OPT='#TS_RISKLOADPROF=1'
TS_VMEM_OPT='#TS_VMEM=1'
VALUEPRED_OPT='#VALUEPRED=1'
bindir='${exec_prefix}/bin'
build_alias=''
datadir='${prefix}/share'
exec_prefix='${prefix}'
host_alias=''
includedir='${prefix}/include'
infodir='${prefix}/info'
libdir='${exec_prefix}/lib'
libexecdir='${exec_prefix}/libexec'
localstatedir='${prefix}/var'
mandir='${prefix}/man'
oldincludedir='/usr/include'
prefix='/usr/local'
program_transform_name='s,x,x,'
sbindir='${exec_prefix}/sbin'
sharedstatedir='${prefix}/com'
sysconfdir='${prefix}/etc'
target_alias=''

## ----------- ##
## confdefs.h. ##
## ----------- ##

#define PACKAGE_BUGREPORT "renau@soe.ucsc.edu luisceze@cs.uiuc.edu"
#define PACKAGE_NAME "esesc"
#define PACKAGE_STRING "esesc 2"
#define PACKAGE_TARNAME "esesc"
#define PACKAGE_VERSION "2"

configure: exit 0
